Thread was being aborted.

SOURCE: CODERiT.Logger.v._3._5.Exceptions.EException

CAUSES: 
1.) 	   at System.Threading.Thread.SleepInternal(Int32 millisecondsTimeout)
   at System.Threading.Thread.Sleep(Int32 millisecondsTimeout)
   at EPWinSock.v4.NET.ClientSocketWrapper.SocketActivityMonitor.Run()

LOG TIME: 26 April 2016 22:03:33
-------------------------------------------------------------------------------------------------------------->




Thread was being aborted.

SOURCE: CODERiT.Logger.v._3._5.Exceptions.EException

CAUSES: 
1.) 	   at System.Threading.Thread.SleepInternal(Int32 millisecondsTimeout)
   at System.Threading.Thread.Sleep(Int32 millisecondsTimeout)
   at EPWinSock.v4.NET.ClientSocketWrapper.SocketActivityMonitor.Run()

LOG TIME: 26 April 2016 22:03:39
-------------------------------------------------------------------------------------------------------------->




Thread was being aborted.

SOURCE: CODERiT.Logger.v._3._5.Exceptions.EException

CAUSES: 
1.) 	   at System.Threading.Thread.SleepInternal(Int32 millisecondsTimeout)
   at System.Threading.Thread.Sleep(Int32 millisecondsTimeout)
   at EPWinSock.v4.NET.ClientSocketWrapper.SocketActivityMonitor.Run()

LOG TIME: 26 April 2016 22:03:42
-------------------------------------------------------------------------------------------------------------->




Thread was being aborted.

SOURCE: CODERiT.Logger.v._3._5.Exceptions.EException

CAUSES: 
1.) 	   at System.Threading.Thread.SleepInternal(Int32 millisecondsTimeout)
   at System.Threading.Thread.Sleep(Int32 millisecondsTimeout)
   at EPWinSock.v4.NET.ClientSocketWrapper.SocketActivityMonitor.Run()

LOG TIME: 26 April 2016 22:03:49
-------------------------------------------------------------------------------------------------------------->




Thread was being aborted.

SOURCE: CODERiT.Logger.v._3._5.Exceptions.EException

CAUSES: 
1.) 	   at System.Threading.Thread.SleepInternal(Int32 millisecondsTimeout)
   at System.Threading.Thread.Sleep(Int32 millisecondsTimeout)
   at EPWinSock.v4.NET.ClientSocketWrapper.SocketActivityMonitor.Run()

LOG TIME: 26 April 2016 22:03:51
-------------------------------------------------------------------------------------------------------------->




Thread was being aborted.

SOURCE: CODERiT.Logger.v._3._5.Exceptions.EException

CAUSES: 
1.) 	   at System.Threading.Thread.SleepInternal(Int32 millisecondsTimeout)
   at System.Threading.Thread.Sleep(Int32 millisecondsTimeout)
   at EPWinSock.v4.NET.ClientSocketWrapper.SocketActivityMonitor.Run()

LOG TIME: 26 April 2016 22:03:54
-------------------------------------------------------------------------------------------------------------->




Thread was being aborted.

SOURCE: CODERiT.Logger.v._3._5.Exceptions.EException

CAUSES: 
1.) 	   at System.Threading.Thread.SleepInternal(Int32 millisecondsTimeout)
   at System.Threading.Thread.Sleep(Int32 millisecondsTimeout)
   at EPWinSock.v4.NET.ClientSocketWrapper.SocketActivityMonitor.Run()

LOG TIME: 26 April 2016 22:03:55
-------------------------------------------------------------------------------------------------------------->




